{
  "RSpec": {
    "coverage": {
      "C:/Users/sarah/Desktop/herafy/elherafy/app/models/admin.rb": [
        1,
        null,
        null,
        1,
        null,
        null
      ],
      "C:/Users/sarah/Desktop/herafy/elherafy/app/helpers/application_helper.rb": [
        1,
        null,
        1,
        43,
        null,
        43,
        31,
        null,
        12,
        null,
        null,
        null,
        null,
        null,
        null,
        null
      ],
      "C:/Users/sarah/Desktop/herafy/elherafy/app/helpers/workers_helper.rb": [
        1,
        null,
        null
      ],
      "C:/Users/sarah/Desktop/herafy/elherafy/app/controllers/workers_controller.rb": [
        1,
        1,
        null,
        null,
        null,
        1,
        1,
        null,
        null,
        null,
        null,
        null,
        null,
        1,
        6,
        null,
        null,
        null,
        1,
        1,
        1,
        null,
        null,
        null,
        1,
        null,
        null,
        null,
        null,
        1,
        0,
        null,
        0,
        0,
        null,
        0,
        0,
        null,
        0,
        0,
        0,
        null,
        null,
        null,
        null,
        null,
        null,
        1,
        8,
        8,
        14,
        7,
        null,
        2,
        1,
        null,
        null,
        null,
        null,
        null,
        null,
        1,
        1,
        1,
        2,
        1,
        null,
        null,
        null,
        null,
        null,
        1,
        0,
        null,
        null,
        1,
        null,
        1,
        26,
        null,
        null,
        null,
        1,
        8,
        null,
        null,
        null,
        null
      ],
      "C:/Users/sarah/Desktop/herafy/elherafy/app/controllers/application_controller.rb": [
        1,
        null,
        null,
        1,
        1,
        null,
        null
      ],
      "C:/Users/sarah/Desktop/herafy/elherafy/app/models/review.rb": [
        1,
        1,
        1,
        1,
        1,
        1,
        1,
        null
      ],
      "C:/Users/sarah/Desktop/herafy/elherafy/app/models/worker.rb": [
        1,
        1,
        1,
        1,
        1,
        1,
        1,
        null,
        1,
        1,
        1,
        null,
        null,
        1,
        3,
        null,
        null,
        null,
        null,
        null,
        null,
        1,
        18,
        null,
        1,
        24,
        null,
        1,
        18,
        null,
        1,
        24,
        null,
        1,
        18,
        null,
        null,
        1,
        6,
        null,
        null,
        null
      ],
      "C:/Users/sarah/Desktop/herafy/elherafy/app/controllers/elherafy_controller.rb": [
        1,
        null,
        1,
        null,
        null,
        null,
        1,
        null,
        null,
        null,
        1,
        null,
        null,
        1,
        0,
        0,
        null,
        null,
        null,
        null
      ]
    },
    "timestamp": 1408349987
  }
}
