{
  "RSpec": {
    "coverage": {
      "C:/Users/sarah/Desktop/herafy/elherafy/app/models/admin.rb": [
        1,
        null,
        null,
        1,
        null,
        null
      ],
      "C:/Users/sarah/Desktop/herafy/elherafy/app/helpers/application_helper.rb": [
        1,
        1,
        23,
        null,
        23,
        16,
        null,
        7,
        null,
        null,
        null,
        null,
        null,
        null
      ],
      "C:/Users/sarah/Desktop/herafy/elherafy/app/helpers/workers_helper.rb": [
        1,
        null
      ],
      "C:/Users/sarah/Desktop/herafy/elherafy/app/controllers/application_controller.rb": [
        1,
        null,
        null,
        1,
        1,
        null,
        null
      ],
      "C:/Users/sarah/Desktop/herafy/elherafy/app/controllers/elherafy_controller.rb": [
        1,
        null,
        1,
        null,
        null,
        null,
        1,
        null,
        null,
        null,
        1,
        null,
        null,
        null,
        null
      ],
      "C:/Users/sarah/Desktop/herafy/elherafy/app/models/worker.rb": [
        1,
        1,
        1,
        1,
        1,
        null
      ],
      "C:/Users/sarah/Desktop/herafy/elherafy/app/controllers/workers_controller.rb": [
        1,
        1,
        null,
        null,
        null,
        1,
        0,
        null,
        null,
        null,
        null,
        1,
        null,
        null,
        null,
        1,
        0,
        null,
        null,
        null,
        1,
        null,
        null,
        null,
        null,
        1,
        0,
        null,
        0,
        0,
        0,
        0,
        null,
        0,
        0,
        null,
        null,
        null,
        null,
        null,
        null,
        1,
        5,
        5,
        8,
        4,
        null,
        2,
        1,
        null,
        null,
        null,
        null,
        null,
        null,
        1,
        0,
        0,
        0,
        0,
        null,
        null,
        null,
        1,
        null,
        1,
        15,
        null,
        null,
        null,
        1,
        5,
        null,
        null
      ]
    },
    "timestamp": 1408269192
  }
}
